Using pre-set license
Built from '2020.3/staging' branch; Version is '2020.3.5f1 (8095aa901b9b) revision 8426922'; Using compiler version '192528614'; Build Type 'Release'
OS: 'Windows 10 Pro; OS build 19042.1288; Version 2009; 64bit' Language: 'en' Physical Memory: 16260 MB
BatchMode: 1, IsHumanControllingUs: 0, StartBugReporterOnCrash: 0, Is64bit: 1, IsPro: 0

 COMMAND LINE ARGUMENTS:
C:\Program Files\Unity\Hub\Editor\2020.3.5f1\Editor\Unity.exe
-adb2
-batchMode
-noUpm
-name
AssetImportWorker0
-projectPath
C:/Users/isi.751FJW2/Desktop/Unity/Risk Of Gauntlets
-logFile
Logs/AssetImportWorker0.log
-srvPort
8444
Successfully changed project path to: C:/Users/isi.751FJW2/Desktop/Unity/Risk Of Gauntlets
C:/Users/isi.751FJW2/Desktop/Unity/Risk Of Gauntlets
Using Asset Import Pipeline V2.
Refreshing native plugins compatible for Editor in 53.26 ms, found 1 plugins.
Preloading 0 native plugins for Editor in 0.00 ms.
Initialize engine version: 2020.3.5f1 (8095aa901b9b)
[Subsystems] Discovering subsystems at path C:/Program Files/Unity/Hub/Editor/2020.3.5f1/Editor/Data/Resources/UnitySubsystems
[Subsystems] Discovering subsystems at path C:/Users/isi.751FJW2/Desktop/Unity/Risk Of Gauntlets/Assets
GfxDevice: creating device client; threaded=0
Direct3D:
    Version:  Direct3D 11.0 [level 11.1]
    Renderer: Intel(R) UHD Graphics 620 (ID=0x3ea0)
    Vendor:   
    VRAM:     8130 MB
    Driver:   26.20.100.8141
Initialize mono
Mono path[0] = 'C:/Program Files/Unity/Hub/Editor/2020.3.5f1/Editor/Data/Managed'
Mono path[1] = 'C:/Program Files/Unity/Hub/Editor/2020.3.5f1/Editor/Data/MonoBleedingEdge/lib/mono/unityjit'
Mono config path = 'C:/Program Files/Unity/Hub/Editor/2020.3.5f1/Editor/Data/MonoBleedingEdge/etc'
Using monoOptions --debugger-agent=transport=dt_socket,embedding=1,server=y,suspend=n,address=127.0.0.1:56468
Begin MonoManager ReloadAssembly
Registering precompiled unity dll's ...
Register platform support module: C:/Program Files/Unity/Hub/Editor/2020.3.5f1/Editor/Data/PlaybackEngines/WebGLSupport/UnityEditor.WebGL.Extensions.dll
Register platform support module: C:/Program Files/Unity/Hub/Editor/2020.3.5f1/Editor/Data/PlaybackEngines/WindowsStandaloneSupport/UnityEditor.WindowsStandalone.Extensions.dll
Registered in 0.005251 seconds.
Native extension for WindowsStandalone target not found
Native extension for WebGL target not found
Refreshing native plugins compatible for Editor in 52.24 ms, found 1 plugins.
Preloading 0 native plugins for Editor in 0.00 ms.
Mono: successfully reloaded assembly
- Completed reload, in  1.668 seconds
Platform modules already initialized, skipping
Registering precompiled user dll's ...
Registered in 0.001260 seconds.
Begin MonoManager ReloadAssembly
Native extension for WindowsStandalone target not found
Native extension for WebGL target not found
Refreshing native plugins compatible for Editor in 62.11 ms, found 1 plugins.
Preloading 0 native plugins for Editor in 0.00 ms.
Mono: successfully reloaded assembly
- Completed reload, in  1.622 seconds
Platform modules already initialized, skipping
========================================================================
Worker process is ready to serve import requests
Launched and connected shader compiler UnityShaderCompiler.exe after 0.04 seconds
Refreshing native plugins compatible for Editor in 0.66 ms, found 1 plugins.
Preloading 0 native plugins for Editor in 0.00 ms.
Unloading 1963 Unused Serialized files (Serialized files now loaded: 0)
System memory in use before: 90.2 MB.
System memory in use after: 90.2 MB.

Unloading 25 unused Assets to reduce memory usage. Loaded Objects now: 2406.
Total: 3.046900 ms (FindLiveObjects: 0.374300 ms CreateObjectMapping: 0.173900 ms MarkObjects: 2.322900 ms  DeleteObjects: 0.174000 ms)

========================================================================
Received Import Request.
  path: Assets/Scripts/Explosion.cs
  artifactKey: Guid(b59fa9ebe374e8445942be57fb50c513) Importer(815301076,1909f56bfc062723c751e8b465ee728b)
Start importing Assets/Scripts/Explosion.cs using Guid(b59fa9ebe374e8445942be57fb50c513) Importer(815301076,1909f56bfc062723c751e8b465ee728b)  -> (artifact id: '916560284686749aee9c16e8c9440f33') in 0.032730 seconds
  Import took 0.036932 seconds .

========================================================================
Received Import Request.
  Time since last request: 149.344802 seconds.
  path: Assets/Scripts/Explosion.cs
  artifactKey: Guid(b59fa9ebe374e8445942be57fb50c513) Importer(815301076,1909f56bfc062723c751e8b465ee728b)
Start importing Assets/Scripts/Explosion.cs using Guid(b59fa9ebe374e8445942be57fb50c513) Importer(815301076,1909f56bfc062723c751e8b465ee728b)  -> (artifact id: '1f5a3407c8c934ad60c8829697aeb004') in 0.008685 seconds
  Import took 0.018895 seconds .

========================================================================
Received Import Request.
  Time since last request: 307.607059 seconds.
  path: Assets/Scripts/Explosion.cs
  artifactKey: Guid(b59fa9ebe374e8445942be57fb50c513) Importer(815301076,1909f56bfc062723c751e8b465ee728b)
Start importing Assets/Scripts/Explosion.cs using Guid(b59fa9ebe374e8445942be57fb50c513) Importer(815301076,1909f56bfc062723c751e8b465ee728b)  -> (artifact id: '9cfdd25e09ea6769421b57fef1d4def5') in 0.018560 seconds
  Import took 0.027917 seconds .

========================================================================
Received Prepare
Registering precompiled user dll's ...
Registered in 0.039123 seconds.
Begin MonoManager ReloadAssembly
Native extension for WindowsStandalone target not found
Native extension for WebGL target not found
Refreshing native plugins compatible for Editor in 0.78 ms, found 1 plugins.
Preloading 0 native plugins for Editor in 0.00 ms.
Mono: successfully reloaded assembly
- Completed reload, in  2.372 seconds
Platform modules already initialized, skipping
Refreshing native plugins compatible for Editor in 0.73 ms, found 1 plugins.
Preloading 0 native plugins for Editor in 0.00 ms.
Unloading 1956 Unused Serialized files (Serialized files now loaded: 0)
System memory in use before: 90.0 MB.
System memory in use after: 90.0 MB.

Unloading 13 unused Assets to reduce memory usage. Loaded Objects now: 2410.
Total: 2.861400 ms (FindLiveObjects: 0.302200 ms CreateObjectMapping: 0.103900 ms MarkObjects: 2.331000 ms  DeleteObjects: 0.122000 ms)

========================================================================
Received Prepare
Registering precompiled user dll's ...
Registered in 0.001107 seconds.
Begin MonoManager ReloadAssembly
Native extension for WindowsStandalone target not found
Native extension for WebGL target not found
Refreshing native plugins compatible for Editor in 0.63 ms, found 1 plugins.
Preloading 0 native plugins for Editor in 0.00 ms.
Mono: successfully reloaded assembly
- Completed reload, in  2.151 seconds
Platform modules already initialized, skipping
Refreshing native plugins compatible for Editor in 0.78 ms, found 1 plugins.
Preloading 0 native plugins for Editor in 0.00 ms.
Unloading 1956 Unused Serialized files (Serialized files now loaded: 0)
System memory in use before: 90.1 MB.
System memory in use after: 90.1 MB.

Unloading 13 unused Assets to reduce memory usage. Loaded Objects now: 2414.
Total: 4.506600 ms (FindLiveObjects: 0.350200 ms CreateObjectMapping: 0.231700 ms MarkObjects: 3.689000 ms  DeleteObjects: 0.233500 ms)

========================================================================
Received Prepare
Registering precompiled user dll's ...
Registered in 0.001019 seconds.
Begin MonoManager ReloadAssembly
Native extension for WindowsStandalone target not found
Native extension for WebGL target not found
Refreshing native plugins compatible for Editor in 0.73 ms, found 1 plugins.
Preloading 0 native plugins for Editor in 0.00 ms.
Mono: successfully reloaded assembly
- Completed reload, in  2.088 seconds
Platform modules already initialized, skipping
Refreshing native plugins compatible for Editor in 0.73 ms, found 1 plugins.
Preloading 0 native plugins for Editor in 0.00 ms.
Unloading 1956 Unused Serialized files (Serialized files now loaded: 0)
System memory in use before: 90.1 MB.
System memory in use after: 90.1 MB.

Unloading 13 unused Assets to reduce memory usage. Loaded Objects now: 2418.
Total: 2.808600 ms (FindLiveObjects: 0.287700 ms CreateObjectMapping: 0.083700 ms MarkObjects: 2.285800 ms  DeleteObjects: 0.150100 ms)

========================================================================
Received Import Request.
  Time since last request: 210.447219 seconds.
  path: Assets/Scripts/Explosion.cs
  artifactKey: Guid(b59fa9ebe374e8445942be57fb50c513) Importer(815301076,1909f56bfc062723c751e8b465ee728b)
Start importing Assets/Scripts/Explosion.cs using Guid(b59fa9ebe374e8445942be57fb50c513) Importer(815301076,1909f56bfc062723c751e8b465ee728b)  -> (artifact id: 'a5d2a070c20ca5cfbde4679bfe93498b') in 0.013394 seconds
  Import took 0.019039 seconds .

========================================================================
Received Prepare
Registering precompiled user dll's ...
Registered in 0.001835 seconds.
Begin MonoManager ReloadAssembly
Native extension for WindowsStandalone target not found
Native extension for WebGL target not found
Refreshing native plugins compatible for Editor in 0.77 ms, found 1 plugins.
Preloading 0 native plugins for Editor in 0.00 ms.
Mono: successfully reloaded assembly
- Completed reload, in  2.075 seconds
Platform modules already initialized, skipping
Refreshing native plugins compatible for Editor in 0.79 ms, found 1 plugins.
Preloading 0 native plugins for Editor in 0.00 ms.
Unloading 1956 Unused Serialized files (Serialized files now loaded: 0)
System memory in use before: 90.1 MB.
System memory in use after: 90.1 MB.

Unloading 13 unused Assets to reduce memory usage. Loaded Objects now: 2422.
Total: 6.519400 ms (FindLiveObjects: 1.386500 ms CreateObjectMapping: 0.270700 ms MarkObjects: 4.704300 ms  DeleteObjects: 0.155800 ms)

========================================================================
Received Prepare
Registering precompiled user dll's ...
Registered in 0.001092 seconds.
Begin MonoManager ReloadAssembly
Native extension for WindowsStandalone target not found
Native extension for WebGL target not found
Refreshing native plugins compatible for Editor in 0.54 ms, found 1 plugins.
Preloading 0 native plugins for Editor in 0.00 ms.
Mono: successfully reloaded assembly
- Completed reload, in  1.155 seconds
Platform modules already initialized, skipping
Refreshing native plugins compatible for Editor in 0.66 ms, found 1 plugins.
Preloading 0 native plugins for Editor in 0.00 ms.
Unloading 1956 Unused Serialized files (Serialized files now loaded: 0)
System memory in use before: 90.1 MB.
System memory in use after: 90.1 MB.

Unloading 13 unused Assets to reduce memory usage. Loaded Objects now: 2426.
Total: 4.962300 ms (FindLiveObjects: 1.909000 ms CreateObjectMapping: 0.356000 ms MarkObjects: 2.561000 ms  DeleteObjects: 0.134300 ms)

========================================================================
Received Prepare
Registering precompiled user dll's ...
Registered in 0.001076 seconds.
Begin MonoManager ReloadAssembly
Native extension for WindowsStandalone target not found
Native extension for WebGL target not found
Refreshing native plugins compatible for Editor in 0.44 ms, found 1 plugins.
Preloading 0 native plugins for Editor in 0.00 ms.
Mono: successfully reloaded assembly
- Completed reload, in  1.096 seconds
Platform modules already initialized, skipping
Refreshing native plugins compatible for Editor in 0.48 ms, found 1 plugins.
Preloading 0 native plugins for Editor in 0.00 ms.
Unloading 1956 Unused Serialized files (Serialized files now loaded: 0)
System memory in use before: 90.1 MB.
System memory in use after: 90.1 MB.

Unloading 13 unused Assets to reduce memory usage. Loaded Objects now: 2430.
Total: 2.789700 ms (FindLiveObjects: 0.324500 ms CreateObjectMapping: 0.132600 ms MarkObjects: 2.220500 ms  DeleteObjects: 0.110900 ms)

========================================================================
Received Prepare
Registering precompiled user dll's ...
Registered in 0.001205 seconds.
Begin MonoManager ReloadAssembly
Native extension for WindowsStandalone target not found
Native extension for WebGL target not found
Refreshing native plugins compatible for Editor in 0.48 ms, found 1 plugins.
Preloading 0 native plugins for Editor in 0.00 ms.
Mono: successfully reloaded assembly
- Completed reload, in  1.254 seconds
Platform modules already initialized, skipping
Refreshing native plugins compatible for Editor in 0.45 ms, found 1 plugins.
Preloading 0 native plugins for Editor in 0.00 ms.
Unloading 1956 Unused Serialized files (Serialized files now loaded: 0)
System memory in use before: 90.1 MB.
System memory in use after: 90.1 MB.

Unloading 13 unused Assets to reduce memory usage. Loaded Objects now: 2434.
Total: 2.661600 ms (FindLiveObjects: 0.350500 ms CreateObjectMapping: 0.137100 ms MarkObjects: 2.037700 ms  DeleteObjects: 0.135300 ms)

========================================================================
Received Prepare
Registering precompiled user dll's ...
Registered in 0.001024 seconds.
Begin MonoManager ReloadAssembly
Native extension for WindowsStandalone target not found
Native extension for WebGL target not found
Refreshing native plugins compatible for Editor in 0.42 ms, found 1 plugins.
Preloading 0 native plugins for Editor in 0.00 ms.
Mono: successfully reloaded assembly
- Completed reload, in  0.983 seconds
Platform modules already initialized, skipping
Refreshing native plugins compatible for Editor in 0.41 ms, found 1 plugins.
Preloading 0 native plugins for Editor in 0.00 ms.
Unloading 1956 Unused Serialized files (Serialized files now loaded: 0)
System memory in use before: 90.2 MB.
System memory in use after: 90.1 MB.

Unloading 13 unused Assets to reduce memory usage. Loaded Objects now: 2438.
Total: 2.728200 ms (FindLiveObjects: 0.316400 ms CreateObjectMapping: 0.159600 ms MarkObjects: 2.079700 ms  DeleteObjects: 0.171300 ms)

========================================================================
Received Prepare
Registering precompiled user dll's ...
Registered in 0.001166 seconds.
Begin MonoManager ReloadAssembly
Native extension for WindowsStandalone target not found
Native extension for WebGL target not found
Refreshing native plugins compatible for Editor in 0.48 ms, found 1 plugins.
Preloading 0 native plugins for Editor in 0.00 ms.
Mono: successfully reloaded assembly
- Completed reload, in  1.253 seconds
Platform modules already initialized, skipping
Refreshing native plugins compatible for Editor in 0.42 ms, found 1 plugins.
Preloading 0 native plugins for Editor in 0.00 ms.
Unloading 1956 Unused Serialized files (Serialized files now loaded: 0)
System memory in use before: 90.2 MB.
System memory in use after: 90.1 MB.

Unloading 13 unused Assets to reduce memory usage. Loaded Objects now: 2442.
Total: 2.523900 ms (FindLiveObjects: 0.259900 ms CreateObjectMapping: 0.100100 ms MarkObjects: 2.040800 ms  DeleteObjects: 0.122300 ms)

========================================================================
Received Prepare
Registering precompiled user dll's ...
Registered in 0.002071 seconds.
Begin MonoManager ReloadAssembly
Native extension for WindowsStandalone target not found
Native extension for WebGL target not found
Refreshing native plugins compatible for Editor in 0.50 ms, found 1 plugins.
Preloading 0 native plugins for Editor in 0.00 ms.
Mono: successfully reloaded assembly
- Completed reload, in  1.090 seconds
Platform modules already initialized, skipping
Refreshing native plugins compatible for Editor in 0.42 ms, found 1 plugins.
Preloading 0 native plugins for Editor in 0.00 ms.
Unloading 1956 Unused Serialized files (Serialized files now loaded: 0)
System memory in use before: 90.2 MB.
System memory in use after: 90.1 MB.

Unloading 13 unused Assets to reduce memory usage. Loaded Objects now: 2446.
Total: 3.268500 ms (FindLiveObjects: 0.440000 ms CreateObjectMapping: 0.178800 ms MarkObjects: 2.526500 ms  DeleteObjects: 0.121900 ms)

========================================================================
Received Prepare
Registering precompiled user dll's ...
Registered in 0.001093 seconds.
Begin MonoManager ReloadAssembly
Native extension for WindowsStandalone target not found
Native extension for WebGL target not found
Refreshing native plugins compatible for Editor in 0.48 ms, found 1 plugins.
Preloading 0 native plugins for Editor in 0.00 ms.
Mono: successfully reloaded assembly
- Completed reload, in  1.278 seconds
Platform modules already initialized, skipping
Refreshing native plugins compatible for Editor in 0.45 ms, found 1 plugins.
Preloading 0 native plugins for Editor in 0.00 ms.
Unloading 1956 Unused Serialized files (Serialized files now loaded: 0)
System memory in use before: 90.2 MB.
System memory in use after: 90.2 MB.

Unloading 13 unused Assets to reduce memory usage. Loaded Objects now: 2450.
Total: 2.487300 ms (FindLiveObjects: 0.245000 ms CreateObjectMapping: 0.078200 ms MarkObjects: 2.039700 ms  DeleteObjects: 0.123700 ms)

========================================================================
Received Import Request.
  Time since last request: 1940.837352 seconds.
  path: Assets/Scripts/hitable.cs
  artifactKey: Guid(86d8164a728d12b44a5237c325cfa952) Importer(815301076,1909f56bfc062723c751e8b465ee728b)
Start importing Assets/Scripts/hitable.cs using Guid(86d8164a728d12b44a5237c325cfa952) Importer(815301076,1909f56bfc062723c751e8b465ee728b)  -> (artifact id: 'ae0da554fb9bdb91f357235d35f6a1e8') in 0.014863 seconds
  Import took 0.020815 seconds .

========================================================================
Received Prepare
Registering precompiled user dll's ...
Registered in 0.001813 seconds.
Begin MonoManager ReloadAssembly
Native extension for WindowsStandalone target not found
Native extension for WebGL target not found
Refreshing native plugins compatible for Editor in 0.45 ms, found 1 plugins.
Preloading 0 native plugins for Editor in 0.00 ms.
Mono: successfully reloaded assembly
- Completed reload, in  1.037 seconds
Platform modules already initialized, skipping
Refreshing native plugins compatible for Editor in 0.83 ms, found 1 plugins.
Preloading 0 native plugins for Editor in 0.00 ms.
Unloading 1957 Unused Serialized files (Serialized files now loaded: 0)
System memory in use before: 90.2 MB.
System memory in use after: 90.2 MB.

Unloading 13 unused Assets to reduce memory usage. Loaded Objects now: 2455.
Total: 3.927200 ms (FindLiveObjects: 0.627600 ms CreateObjectMapping: 0.183900 ms MarkObjects: 2.933700 ms  DeleteObjects: 0.179700 ms)

========================================================================
Received Prepare
Registering precompiled user dll's ...
Registered in 0.001084 seconds.
Begin MonoManager ReloadAssembly
Native extension for WindowsStandalone target not found
Native extension for WebGL target not found
Refreshing native plugins compatible for Editor in 0.48 ms, found 1 plugins.
Preloading 0 native plugins for Editor in 0.00 ms.
Mono: successfully reloaded assembly
- Completed reload, in  1.010 seconds
Platform modules already initialized, skipping
Refreshing native plugins compatible for Editor in 0.41 ms, found 1 plugins.
Preloading 0 native plugins for Editor in 0.00 ms.
Unloading 1956 Unused Serialized files (Serialized files now loaded: 0)
System memory in use before: 90.2 MB.
System memory in use after: 90.2 MB.

Unloading 14 unused Assets to reduce memory usage. Loaded Objects now: 2458.
Total: 3.165100 ms (FindLiveObjects: 0.171500 ms CreateObjectMapping: 0.133800 ms MarkObjects: 2.735300 ms  DeleteObjects: 0.123200 ms)

========================================================================
Received Import Request.
  Time since last request: 60.916015 seconds.
  path: Assets/Scripts/Hitable.cs
  artifactKey: Guid(86d8164a728d12b44a5237c325cfa952) Importer(815301076,1909f56bfc062723c751e8b465ee728b)
Start importing Assets/Scripts/Hitable.cs using Guid(86d8164a728d12b44a5237c325cfa952) Importer(815301076,1909f56bfc062723c751e8b465ee728b)  -> (artifact id: '1e0354d442fd761d7e90d7e647f4ab73') in 0.020461 seconds
  Import took 0.027708 seconds .

========================================================================
Received Prepare
Registering precompiled user dll's ...
Registered in 0.001097 seconds.
Begin MonoManager ReloadAssembly
Native extension for WindowsStandalone target not found
Native extension for WebGL target not found
Refreshing native plugins compatible for Editor in 0.53 ms, found 1 plugins.
Preloading 0 native plugins for Editor in 0.00 ms.
Mono: successfully reloaded assembly
- Completed reload, in  1.288 seconds
Platform modules already initialized, skipping
Refreshing native plugins compatible for Editor in 0.43 ms, found 1 plugins.
Preloading 0 native plugins for Editor in 0.00 ms.
Unloading 1957 Unused Serialized files (Serialized files now loaded: 0)
System memory in use before: 90.2 MB.
System memory in use after: 90.2 MB.

Unloading 13 unused Assets to reduce memory usage. Loaded Objects now: 2463.
Total: 2.529600 ms (FindLiveObjects: 0.355800 ms CreateObjectMapping: 0.149600 ms MarkObjects: 1.897300 ms  DeleteObjects: 0.125800 ms)

========================================================================
Received Prepare
Registering precompiled user dll's ...
Registered in 0.001089 seconds.
Begin MonoManager ReloadAssembly
Native extension for WindowsStandalone target not found
Native extension for WebGL target not found
Refreshing native plugins compatible for Editor in 0.52 ms, found 1 plugins.
Preloading 0 native plugins for Editor in 0.00 ms.
Mono: successfully reloaded assembly
- Completed reload, in  0.992 seconds
Platform modules already initialized, skipping
Refreshing native plugins compatible for Editor in 0.42 ms, found 1 plugins.
Preloading 0 native plugins for Editor in 0.00 ms.
Unloading 1957 Unused Serialized files (Serialized files now loaded: 0)
System memory in use before: 90.2 MB.
System memory in use after: 90.2 MB.

Unloading 13 unused Assets to reduce memory usage. Loaded Objects now: 2467.
Total: 2.512900 ms (FindLiveObjects: 0.193600 ms CreateObjectMapping: 0.055400 ms MarkObjects: 2.105400 ms  DeleteObjects: 0.157700 ms)

========================================================================
Received Import Request.
  Time since last request: 158.114277 seconds.
  path: Assets/Scripts/Droppable.cs
  artifactKey: Guid(b66cb08211de90349ab7262ebf3a81e0) Importer(815301076,1909f56bfc062723c751e8b465ee728b)
Start importing Assets/Scripts/Droppable.cs using Guid(b66cb08211de90349ab7262ebf3a81e0) Importer(815301076,1909f56bfc062723c751e8b465ee728b)  -> (artifact id: 'c3631150fde6cf7a35726681bb271085') in 0.023108 seconds
  Import took 0.029301 seconds .

========================================================================
Received Import Request.
  Time since last request: 2.128722 seconds.
  path: Assets/Scripts/Dropper.cs
  artifactKey: Guid(2b2b2ac48de654244bb36a9bb894f86a) Importer(815301076,1909f56bfc062723c751e8b465ee728b)
Start importing Assets/Scripts/Dropper.cs using Guid(2b2b2ac48de654244bb36a9bb894f86a) Importer(815301076,1909f56bfc062723c751e8b465ee728b)  -> (artifact id: 'dee458ffa78020572c09ae6303dc824a') in 0.011865 seconds
  Import took 0.024873 seconds .

========================================================================
Received Import Request.
  Time since last request: 1.272240 seconds.
  path: Assets/Scripts/Explodable.cs
  artifactKey: Guid(3138d1e68c59a424c8f0a74cc76e0b6b) Importer(815301076,1909f56bfc062723c751e8b465ee728b)
Start importing Assets/Scripts/Explodable.cs using Guid(3138d1e68c59a424c8f0a74cc76e0b6b) Importer(815301076,1909f56bfc062723c751e8b465ee728b)  -> (artifact id: '5e85143cac57877e4ee6875f72a4de17') in 0.017316 seconds
  Import took 0.020941 seconds .

========================================================================
Received Import Request.
  Time since last request: 0.020816 seconds.
  path: Assets/Scripts/Explodable.cs
  artifactKey: Guid(3138d1e68c59a424c8f0a74cc76e0b6b) Importer(815301076,1909f56bfc062723c751e8b465ee728b)
Start importing Assets/Scripts/Explodable.cs using Guid(3138d1e68c59a424c8f0a74cc76e0b6b) Importer(815301076,1909f56bfc062723c751e8b465ee728b)  -> (artifact id: '5e85143cac57877e4ee6875f72a4de17') in 0.004718 seconds
  Import took 0.008825 seconds .

========================================================================
Received Import Request.
  Time since last request: 1.385291 seconds.
  path: Assets/Scripts/Explosion.cs
  artifactKey: Guid(b59fa9ebe374e8445942be57fb50c513) Importer(815301076,1909f56bfc062723c751e8b465ee728b)
Start importing Assets/Scripts/Explosion.cs using Guid(b59fa9ebe374e8445942be57fb50c513) Importer(815301076,1909f56bfc062723c751e8b465ee728b)  -> (artifact id: 'ddafcb2e096272888a4749cd2de5d6e5') in 0.013453 seconds
  Import took 0.018170 seconds .

========================================================================
Received Import Request.
  Time since last request: 2.359909 seconds.
  path: Assets/Scripts/Hitable.cs
  artifactKey: Guid(86d8164a728d12b44a5237c325cfa952) Importer(815301076,1909f56bfc062723c751e8b465ee728b)
Start importing Assets/Scripts/Hitable.cs using Guid(86d8164a728d12b44a5237c325cfa952) Importer(815301076,1909f56bfc062723c751e8b465ee728b)  -> (artifact id: '7c972ed26895ad78f85613cff30fce3f') in 0.004259 seconds
  Import took 0.008390 seconds .

========================================================================
Received Import Request.
  Time since last request: 0.001176 seconds.
  path: Assets/Scripts/Hitable.cs
  artifactKey: Guid(86d8164a728d12b44a5237c325cfa952) Importer(815301076,1909f56bfc062723c751e8b465ee728b)
Start importing Assets/Scripts/Hitable.cs using Guid(86d8164a728d12b44a5237c325cfa952) Importer(815301076,1909f56bfc062723c751e8b465ee728b)  -> (artifact id: '7c972ed26895ad78f85613cff30fce3f') in 0.003698 seconds
  Import took 0.009472 seconds .

========================================================================
Received Import Request.
  Time since last request: 30.039970 seconds.
  path: Assets/Scripts/Player.cs
  artifactKey: Guid(9715fef9acf596d4a879236365c95f31) Importer(815301076,1909f56bfc062723c751e8b465ee728b)
Start importing Assets/Scripts/Player.cs using Guid(9715fef9acf596d4a879236365c95f31) Importer(815301076,1909f56bfc062723c751e8b465ee728b)  -> (artifact id: '63ff1be22169295beaf7a429f9914727') in 0.013755 seconds
  Import took 0.018447 seconds .

========================================================================
Received Prepare
Registering precompiled user dll's ...
Registered in 0.001002 seconds.
Begin MonoManager ReloadAssembly
Native extension for WindowsStandalone target not found
Native extension for WebGL target not found
Refreshing native plugins compatible for Editor in 0.41 ms, found 1 plugins.
Preloading 0 native plugins for Editor in 0.00 ms.
Mono: successfully reloaded assembly
- Completed reload, in  1.224 seconds
Platform modules already initialized, skipping
Refreshing native plugins compatible for Editor in 0.59 ms, found 1 plugins.
Preloading 0 native plugins for Editor in 0.00 ms.
Unloading 1958 Unused Serialized files (Serialized files now loaded: 0)
System memory in use before: 90.3 MB.
System memory in use after: 90.2 MB.

Unloading 13 unused Assets to reduce memory usage. Loaded Objects now: 2472.
Total: 3.040600 ms (FindLiveObjects: 0.190600 ms CreateObjectMapping: 0.143700 ms MarkObjects: 2.602900 ms  DeleteObjects: 0.102400 ms)

========================================================================
Received Prepare
Registering precompiled user dll's ...
Registered in 0.001199 seconds.
Begin MonoManager ReloadAssembly
Native extension for WindowsStandalone target not found
Native extension for WebGL target not found
Refreshing native plugins compatible for Editor in 0.43 ms, found 1 plugins.
Preloading 0 native plugins for Editor in 0.00 ms.
Mono: successfully reloaded assembly
- Completed reload, in  0.989 seconds
Platform modules already initialized, skipping
Refreshing native plugins compatible for Editor in 0.48 ms, found 1 plugins.
Preloading 0 native plugins for Editor in 0.00 ms.
Unloading 1958 Unused Serialized files (Serialized files now loaded: 0)
System memory in use before: 90.3 MB.
System memory in use after: 90.2 MB.

Unloading 13 unused Assets to reduce memory usage. Loaded Objects now: 2476.
Total: 2.861100 ms (FindLiveObjects: 0.240800 ms CreateObjectMapping: 0.086700 ms MarkObjects: 2.385000 ms  DeleteObjects: 0.147100 ms)

========================================================================
Received Import Request.
  Time since last request: 186.667428 seconds.
  path: Assets/Scripts/Bomb.cs
  artifactKey: Guid(cb62f027b9a103e44b6ea484d1bc6f6a) Importer(815301076,1909f56bfc062723c751e8b465ee728b)
Start importing Assets/Scripts/Bomb.cs using Guid(cb62f027b9a103e44b6ea484d1bc6f6a) Importer(815301076,1909f56bfc062723c751e8b465ee728b)  -> (artifact id: '88d1d1c497566a6aa66f6c6f7942325d') in 0.019050 seconds
  Import took 0.027930 seconds .

========================================================================
Received Prepare
Registering precompiled user dll's ...
Registered in 0.001424 seconds.
Begin MonoManager ReloadAssembly
Native extension for WindowsStandalone target not found
Native extension for WebGL target not found
Refreshing native plugins compatible for Editor in 0.50 ms, found 1 plugins.
Preloading 0 native plugins for Editor in 0.00 ms.
Mono: successfully reloaded assembly
- Completed reload, in  1.191 seconds
Platform modules already initialized, skipping
Refreshing native plugins compatible for Editor in 0.43 ms, found 1 plugins.
Preloading 0 native plugins for Editor in 0.00 ms.
Unloading 1959 Unused Serialized files (Serialized files now loaded: 0)
System memory in use before: 90.3 MB.
System memory in use after: 90.3 MB.

Unloading 13 unused Assets to reduce memory usage. Loaded Objects now: 2481.
Total: 2.812300 ms (FindLiveObjects: 0.320900 ms CreateObjectMapping: 0.117900 ms MarkObjects: 2.250400 ms  DeleteObjects: 0.122100 ms)

========================================================================
Received Prepare
Registering precompiled user dll's ...
Registered in 0.001031 seconds.
Begin MonoManager ReloadAssembly
Native extension for WindowsStandalone target not found
Native extension for WebGL target not found
Refreshing native plugins compatible for Editor in 0.59 ms, found 1 plugins.
Preloading 0 native plugins for Editor in 0.00 ms.
Mono: successfully reloaded assembly
- Completed reload, in  1.183 seconds
Platform modules already initialized, skipping
Refreshing native plugins compatible for Editor in 0.43 ms, found 1 plugins.
Preloading 0 native plugins for Editor in 0.00 ms.
Unloading 1958 Unused Serialized files (Serialized files now loaded: 0)
System memory in use before: 90.3 MB.
System memory in use after: 90.3 MB.

Unloading 14 unused Assets to reduce memory usage. Loaded Objects now: 2484.
Total: 3.066500 ms (FindLiveObjects: 0.258600 ms CreateObjectMapping: 0.165200 ms MarkObjects: 2.507900 ms  DeleteObjects: 0.133800 ms)

========================================================================
Received Import Request.
  Time since last request: 292.997603 seconds.
  path: Assets/Scripts/Player.cs
  artifactKey: Guid(9715fef9acf596d4a879236365c95f31) Importer(815301076,1909f56bfc062723c751e8b465ee728b)
Start importing Assets/Scripts/Player.cs using Guid(9715fef9acf596d4a879236365c95f31) Importer(815301076,1909f56bfc062723c751e8b465ee728b)  -> (artifact id: '08d3b251e83fc46e4b80b7088d5aab45') in 0.006869 seconds
  Import took 0.011360 seconds .

========================================================================
Received Import Request.
  Time since last request: 0.005530 seconds.
  path: Assets/Scripts/Player.cs
  artifactKey: Guid(9715fef9acf596d4a879236365c95f31) Importer(815301076,1909f56bfc062723c751e8b465ee728b)
Start importing Assets/Scripts/Player.cs using Guid(9715fef9acf596d4a879236365c95f31) Importer(815301076,1909f56bfc062723c751e8b465ee728b)  -> (artifact id: '08d3b251e83fc46e4b80b7088d5aab45') in 0.002468 seconds
  Import took 0.006677 seconds .

========================================================================
Received Prepare
Registering precompiled user dll's ...
Registered in 0.001088 seconds.
Begin MonoManager ReloadAssembly
Native extension for WindowsStandalone target not found
Native extension for WebGL target not found
Refreshing native plugins compatible for Editor in 0.57 ms, found 1 plugins.
Preloading 0 native plugins for Editor in 0.00 ms.
Mono: successfully reloaded assembly
- Completed reload, in  1.109 seconds
Platform modules already initialized, skipping
Refreshing native plugins compatible for Editor in 0.43 ms, found 1 plugins.
Preloading 0 native plugins for Editor in 0.00 ms.
Unloading 1957 Unused Serialized files (Serialized files now loaded: 0)
System memory in use before: 90.3 MB.
System memory in use after: 90.3 MB.

Unloading 14 unused Assets to reduce memory usage. Loaded Objects now: 2487.
Total: 3.255100 ms (FindLiveObjects: 0.286500 ms CreateObjectMapping: 0.108400 ms MarkObjects: 2.715100 ms  DeleteObjects: 0.144200 ms)

========================================================================
Received Import Request.
  Time since last request: 8.949799 seconds.
  path: Assets/Scripts/Hitable.cs
  artifactKey: Guid(86d8164a728d12b44a5237c325cfa952) Importer(815301076,1909f56bfc062723c751e8b465ee728b)
Start importing Assets/Scripts/Hitable.cs using Guid(86d8164a728d12b44a5237c325cfa952) Importer(815301076,1909f56bfc062723c751e8b465ee728b)  -> (artifact id: 'cd5de3089fe223e08e9dcb488bc5d991') in 0.005764 seconds
  Import took 0.009746 seconds .

========================================================================
Received Import Request.
  Time since last request: 0.004022 seconds.
  path: Assets/Scripts/Hitable.cs
  artifactKey: Guid(86d8164a728d12b44a5237c325cfa952) Importer(815301076,1909f56bfc062723c751e8b465ee728b)
Start importing Assets/Scripts/Hitable.cs using Guid(86d8164a728d12b44a5237c325cfa952) Importer(815301076,1909f56bfc062723c751e8b465ee728b)  -> (artifact id: 'cd5de3089fe223e08e9dcb488bc5d991') in 0.002831 seconds
  Import took 0.007115 seconds .

========================================================================
Received Prepare
Registering precompiled user dll's ...
Registered in 0.001213 seconds.
Begin MonoManager ReloadAssembly
Native extension for WindowsStandalone target not found
Native extension for WebGL target not found
Refreshing native plugins compatible for Editor in 0.42 ms, found 1 plugins.
Preloading 0 native plugins for Editor in 0.00 ms.
Mono: successfully reloaded assembly
- Completed reload, in  0.994 seconds
Platform modules already initialized, skipping
Refreshing native plugins compatible for Editor in 0.42 ms, found 1 plugins.
Preloading 0 native plugins for Editor in 0.00 ms.
Unloading 1957 Unused Serialized files (Serialized files now loaded: 0)
System memory in use before: 90.3 MB.
System memory in use after: 90.3 MB.

Unloading 13 unused Assets to reduce memory usage. Loaded Objects now: 2491.
Total: 3.104000 ms (FindLiveObjects: 0.409300 ms CreateObjectMapping: 0.120400 ms MarkObjects: 2.463600 ms  DeleteObjects: 0.109600 ms)

========================================================================
Received Import Request.
  Time since last request: 158.647243 seconds.
  path: Assets/Resources/Prefabs/Bomb.prefab
  artifactKey: Guid(bd11810dc66b9f840b1f024d512f726d) Importer(815301076,1909f56bfc062723c751e8b465ee728b)
Start importing Assets/Resources/Prefabs/Bomb.prefab using Guid(bd11810dc66b9f840b1f024d512f726d) Importer(815301076,1909f56bfc062723c751e8b465ee728b)  -> (artifact id: '66ea6963a5d0323ba4c6bfeed5d12dec') in 0.106046 seconds
  Import took 0.109707 seconds .

========================================================================
Received Import Request.
  Time since last request: 12.165021 seconds.
  path: Assets/Resources/Prefabs/Bomb.prefab
  artifactKey: Guid(bd11810dc66b9f840b1f024d512f726d) Importer(815301076,1909f56bfc062723c751e8b465ee728b)
Start importing Assets/Resources/Prefabs/Bomb.prefab using Guid(bd11810dc66b9f840b1f024d512f726d) Importer(815301076,1909f56bfc062723c751e8b465ee728b)  -> (artifact id: 'c2d32b93d8e8a5582b35e31298facb10') in 0.011572 seconds
  Import took 0.015674 seconds .

========================================================================
Received Import Request.
  Time since last request: 4.165935 seconds.
  path: Assets/Resources/Prefabs/Bomb.prefab
  artifactKey: Guid(bd11810dc66b9f840b1f024d512f726d) Importer(815301076,1909f56bfc062723c751e8b465ee728b)
Start importing Assets/Resources/Prefabs/Bomb.prefab using Guid(bd11810dc66b9f840b1f024d512f726d) Importer(815301076,1909f56bfc062723c751e8b465ee728b)  -> (artifact id: '7957caa414f7e66a9b89afd60b6204f7') in 0.013378 seconds
  Import took 0.017709 seconds .

========================================================================
Received Import Request.
  Time since last request: 3.891906 seconds.
  path: Assets/Resources/Prefabs/Bomb.prefab
  artifactKey: Guid(bd11810dc66b9f840b1f024d512f726d) Importer(815301076,1909f56bfc062723c751e8b465ee728b)
Start importing Assets/Resources/Prefabs/Bomb.prefab using Guid(bd11810dc66b9f840b1f024d512f726d) Importer(815301076,1909f56bfc062723c751e8b465ee728b)  -> (artifact id: '0b545bc19c8ef325ae9958610e9f1b92') in 0.016838 seconds
  Import took 0.022328 seconds .

========================================================================
Received Import Request.
  Time since last request: 0.455304 seconds.
  path: Assets/Resources/Prefabs/Bomb.prefab
  artifactKey: Guid(bd11810dc66b9f840b1f024d512f726d) Importer(815301076,1909f56bfc062723c751e8b465ee728b)
Start importing Assets/Resources/Prefabs/Bomb.prefab using Guid(bd11810dc66b9f840b1f024d512f726d) Importer(815301076,1909f56bfc062723c751e8b465ee728b)  -> (artifact id: '5fc80241dd806d8636c4ad5e23213b09') in 0.011491 seconds
  Import took 0.015527 seconds .

========================================================================
Received Import Request.
  Time since last request: 14.848529 seconds.
  path: Assets/Resources/Prefabs/Bomb.prefab
  artifactKey: Guid(bd11810dc66b9f840b1f024d512f726d) Importer(815301076,1909f56bfc062723c751e8b465ee728b)
Start importing Assets/Resources/Prefabs/Bomb.prefab using Guid(bd11810dc66b9f840b1f024d512f726d) Importer(815301076,1909f56bfc062723c751e8b465ee728b)  -> (artifact id: 'af9dbba756714c51b652285ca834e4c7') in 0.011880 seconds
  Import took 0.016073 seconds .

========================================================================
Received Import Request.
  Time since last request: 0.031085 seconds.
  path: Assets/Resources/Prefabs/Bomb.prefab
  artifactKey: Guid(bd11810dc66b9f840b1f024d512f726d) Importer(815301076,1909f56bfc062723c751e8b465ee728b)
Start importing Assets/Resources/Prefabs/Bomb.prefab using Guid(bd11810dc66b9f840b1f024d512f726d) Importer(815301076,1909f56bfc062723c751e8b465ee728b)  -> (artifact id: 'af9dbba756714c51b652285ca834e4c7') in 0.010360 seconds
  Import took 0.015915 seconds .

========================================================================
Received Import Request.
  Time since last request: 4.388967 seconds.
  path: Assets/Resources/Prefabs/Bomb.prefab
  artifactKey: Guid(bd11810dc66b9f840b1f024d512f726d) Importer(815301076,1909f56bfc062723c751e8b465ee728b)
Start importing Assets/Resources/Prefabs/Bomb.prefab using Guid(bd11810dc66b9f840b1f024d512f726d) Importer(815301076,1909f56bfc062723c751e8b465ee728b)  -> (artifact id: '73955b0a81bdf157baab61fd1cc958a8') in 0.011923 seconds
  Import took 0.017412 seconds .

========================================================================
Received Import Request.
  Time since last request: 0.032824 seconds.
  path: Assets/Resources/Prefabs/Bomb.prefab
  artifactKey: Guid(bd11810dc66b9f840b1f024d512f726d) Importer(815301076,1909f56bfc062723c751e8b465ee728b)
Start importing Assets/Resources/Prefabs/Bomb.prefab using Guid(bd11810dc66b9f840b1f024d512f726d) Importer(815301076,1909f56bfc062723c751e8b465ee728b)  -> (artifact id: '73955b0a81bdf157baab61fd1cc958a8') in 0.013574 seconds
  Import took 0.018213 seconds .

========================================================================
Received Import Request.
  Time since last request: 3.312178 seconds.
  path: Assets/Resources/Prefabs/Bomb.prefab
  artifactKey: Guid(bd11810dc66b9f840b1f024d512f726d) Importer(815301076,1909f56bfc062723c751e8b465ee728b)
Start importing Assets/Resources/Prefabs/Bomb.prefab using Guid(bd11810dc66b9f840b1f024d512f726d) Importer(815301076,1909f56bfc062723c751e8b465ee728b)  -> (artifact id: 'b1dd9568292542d7a554a0c3314fd341') in 0.010679 seconds
  Import took 0.015499 seconds .

========================================================================
Received Import Request.
  Time since last request: 0.043079 seconds.
  path: Assets/Resources/Prefabs/Bomb.prefab
  artifactKey: Guid(bd11810dc66b9f840b1f024d512f726d) Importer(815301076,1909f56bfc062723c751e8b465ee728b)
Start importing Assets/Resources/Prefabs/Bomb.prefab using Guid(bd11810dc66b9f840b1f024d512f726d) Importer(815301076,1909f56bfc062723c751e8b465ee728b)  -> (artifact id: 'b1dd9568292542d7a554a0c3314fd341') in 0.013105 seconds
  Import took 0.017596 seconds .

========================================================================
Received Prepare
Registering precompiled user dll's ...
Registered in 0.001646 seconds.
Begin MonoManager ReloadAssembly
Native extension for WindowsStandalone target not found
Native extension for WebGL target not found
Refreshing native plugins compatible for Editor in 0.43 ms, found 1 plugins.
Preloading 0 native plugins for Editor in 0.00 ms.
Mono: successfully reloaded assembly
- Completed reload, in  1.042 seconds
Platform modules already initialized, skipping
Refreshing native plugins compatible for Editor in 0.52 ms, found 1 plugins.
Preloading 0 native plugins for Editor in 0.00 ms.
Unloading 1957 Unused Serialized files (Serialized files now loaded: 0)
System memory in use before: 93.4 MB.
System memory in use after: 93.4 MB.

Unloading 13 unused Assets to reduce memory usage. Loaded Objects now: 2502.
Total: 3.649700 ms (FindLiveObjects: 0.517600 ms CreateObjectMapping: 0.142300 ms MarkObjects: 2.842200 ms  DeleteObjects: 0.146000 ms)

========================================================================
Received Import Request.
  Time since last request: 63.367580 seconds.
  path: Assets/Resources/Prefabs/Bomb.prefab
  artifactKey: Guid(bd11810dc66b9f840b1f024d512f726d) Importer(815301076,1909f56bfc062723c751e8b465ee728b)
Start importing Assets/Resources/Prefabs/Bomb.prefab using Guid(bd11810dc66b9f840b1f024d512f726d) Importer(815301076,1909f56bfc062723c751e8b465ee728b)  -> (artifact id: 'dfae38baf204de1eaebdf95a15e7df3a') in 0.096114 seconds
  Import took 0.104738 seconds .

========================================================================
Received Prepare
Registering precompiled user dll's ...
Registered in 0.001202 seconds.
Begin MonoManager ReloadAssembly
Native extension for WindowsStandalone target not found
Native extension for WebGL target not found
Refreshing native plugins compatible for Editor in 0.45 ms, found 1 plugins.
Preloading 0 native plugins for Editor in 0.00 ms.
Mono: successfully reloaded assembly
- Completed reload, in  1.026 seconds
Platform modules already initialized, skipping
Refreshing native plugins compatible for Editor in 0.42 ms, found 1 plugins.
Preloading 0 native plugins for Editor in 0.00 ms.
Unloading 1957 Unused Serialized files (Serialized files now loaded: 0)
System memory in use before: 93.4 MB.
System memory in use after: 93.4 MB.

Unloading 13 unused Assets to reduce memory usage. Loaded Objects now: 2507.
Total: 2.918300 ms (FindLiveObjects: 0.391400 ms CreateObjectMapping: 0.078400 ms MarkObjects: 2.297000 ms  DeleteObjects: 0.128500 ms)

========================================================================
Received Prepare
Registering precompiled user dll's ...
Registered in 0.001115 seconds.
Begin MonoManager ReloadAssembly
Native extension for WindowsStandalone target not found
Native extension for WebGL target not found
Refreshing native plugins compatible for Editor in 0.45 ms, found 1 plugins.
Preloading 0 native plugins for Editor in 0.00 ms.
Mono: successfully reloaded assembly
- Completed reload, in  1.059 seconds
Platform modules already initialized, skipping
Refreshing native plugins compatible for Editor in 0.61 ms, found 1 plugins.
Preloading 0 native plugins for Editor in 0.00 ms.
Unloading 1957 Unused Serialized files (Serialized files now loaded: 0)
System memory in use before: 93.4 MB.
System memory in use after: 93.4 MB.

Unloading 13 unused Assets to reduce memory usage. Loaded Objects now: 2511.
Total: 3.467200 ms (FindLiveObjects: 0.495600 ms CreateObjectMapping: 0.216400 ms MarkObjects: 2.636700 ms  DeleteObjects: 0.114300 ms)

========================================================================
Received Import Request.
  Time since last request: 337.891427 seconds.
  path: ProjectSettings/TagManager.asset
  artifactKey: Guid(00000000000000003000000000000000) Importer(815301076,1909f56bfc062723c751e8b465ee728b)
Start importing ProjectSettings/TagManager.asset using Guid(00000000000000003000000000000000) Importer(815301076,1909f56bfc062723c751e8b465ee728b)  -> (artifact id: '3029485fd4449403c171dfefb1e9f17f') in 0.026338 seconds
  Import took 0.030931 seconds .

========================================================================
Received Import Request.
  Time since last request: 29.310627 seconds.
  path: Assets/Resources/Prefabs/Explosion.prefab
  artifactKey: Guid(51ce29e718fbaaf4c94dea96090b602f) Importer(815301076,1909f56bfc062723c751e8b465ee728b)
Start importing Assets/Resources/Prefabs/Explosion.prefab using Guid(51ce29e718fbaaf4c94dea96090b602f) Importer(815301076,1909f56bfc062723c751e8b465ee728b)  -> (artifact id: '18792ed54ce6321f0e7c4c3c2927941d') in 0.067517 seconds
  Import took 0.072569 seconds .

========================================================================
Received Prepare
Registering precompiled user dll's ...
Registered in 0.001132 seconds.
Begin MonoManager ReloadAssembly
Native extension for WindowsStandalone target not found
Native extension for WebGL target not found
Refreshing native plugins compatible for Editor in 0.50 ms, found 1 plugins.
Preloading 0 native plugins for Editor in 0.00 ms.
Mono: successfully reloaded assembly
- Completed reload, in  1.328 seconds
Platform modules already initialized, skipping
Refreshing native plugins compatible for Editor in 0.44 ms, found 1 plugins.
Preloading 0 native plugins for Editor in 0.00 ms.
Unloading 1957 Unused Serialized files (Serialized files now loaded: 0)
System memory in use before: 93.4 MB.
System memory in use after: 93.4 MB.

Unloading 14 unused Assets to reduce memory usage. Loaded Objects now: 2516.
Total: 3.222700 ms (FindLiveObjects: 0.376100 ms CreateObjectMapping: 0.152800 ms MarkObjects: 2.534500 ms  DeleteObjects: 0.153500 ms)

========================================================================
Received Import Request.
  Time since last request: 415.714899 seconds.
  path: Assets/Brackeys/2D Mega Pack/Environment
  artifactKey: Guid(bca675569e8d6de4896e306c9d89550b) Importer(815301076,1909f56bfc062723c751e8b465ee728b)
Start importing Assets/Brackeys/2D Mega Pack/Environment using Guid(bca675569e8d6de4896e306c9d89550b) Importer(815301076,1909f56bfc062723c751e8b465ee728b)  -> (artifact id: '99640b92ba4f4b994fe2e5c6ba84705c') in 0.012538 seconds
  Import took 0.016858 seconds .

========================================================================
Received Import Request.
  Time since last request: 0.004018 seconds.
  path: Assets/Brackeys/2D Mega Pack/Environment
  artifactKey: Guid(bca675569e8d6de4896e306c9d89550b) Importer(815301076,1909f56bfc062723c751e8b465ee728b)
Start importing Assets/Brackeys/2D Mega Pack/Environment using Guid(bca675569e8d6de4896e306c9d89550b) Importer(815301076,1909f56bfc062723c751e8b465ee728b)  -> (artifact id: '99640b92ba4f4b994fe2e5c6ba84705c') in 0.002823 seconds
  Import took 0.007392 seconds .

========================================================================
Received Prepare
Registering precompiled user dll's ...
Registered in 0.001256 seconds.
Begin MonoManager ReloadAssembly
Native extension for WindowsStandalone target not found
Native extension for WebGL target not found
Refreshing native plugins compatible for Editor in 0.50 ms, found 1 plugins.
Preloading 0 native plugins for Editor in 0.00 ms.
Mono: successfully reloaded assembly
- Completed reload, in  1.361 seconds
Platform modules already initialized, skipping
Refreshing native plugins compatible for Editor in 0.50 ms, found 1 plugins.
Preloading 0 native plugins for Editor in 0.00 ms.
Unloading 1957 Unused Serialized files (Serialized files now loaded: 0)
System memory in use before: 93.4 MB.
System memory in use after: 93.4 MB.

Unloading 13 unused Assets to reduce memory usage. Loaded Objects now: 2520.
Total: 3.063100 ms (FindLiveObjects: 0.253200 ms CreateObjectMapping: 0.099300 ms MarkObjects: 2.520700 ms  DeleteObjects: 0.187800 ms)

========================================================================
Received Prepare
Registering precompiled user dll's ...
Registered in 0.002829 seconds.
Begin MonoManager ReloadAssembly
Native extension for WindowsStandalone target not found
Native extension for WebGL target not found
Refreshing native plugins compatible for Editor in 2.75 ms, found 1 plugins.
Preloading 0 native plugins for Editor in 0.00 ms.
Mono: successfully reloaded assembly
- Completed reload, in  2.313 seconds
Platform modules already initialized, skipping
Refreshing native plugins compatible for Editor in 0.51 ms, found 1 plugins.
Preloading 0 native plugins for Editor in 0.00 ms.
Unloading 1957 Unused Serialized files (Serialized files now loaded: 0)
System memory in use before: 93.5 MB.
System memory in use after: 93.4 MB.

Unloading 13 unused Assets to reduce memory usage. Loaded Objects now: 2524.
Total: 6.542000 ms (FindLiveObjects: 0.537700 ms CreateObjectMapping: 0.150400 ms MarkObjects: 5.626000 ms  DeleteObjects: 0.225300 ms)

========================================================================
Received Prepare
Registering precompiled user dll's ...
Registered in 0.004261 seconds.
Begin MonoManager ReloadAssembly
Native extension for WindowsStandalone target not found
Native extension for WebGL target not found
Refreshing native plugins compatible for Editor in 0.50 ms, found 1 plugins.
Preloading 0 native plugins for Editor in 0.00 ms.
Mono: successfully reloaded assembly
- Completed reload, in  1.638 seconds
Platform modules already initialized, skipping
Refreshing native plugins compatible for Editor in 0.50 ms, found 1 plugins.
Preloading 0 native plugins for Editor in 0.00 ms.
Unloading 1957 Unused Serialized files (Serialized files now loaded: 0)
System memory in use before: 93.5 MB.
System memory in use after: 93.4 MB.

Unloading 13 unused Assets to reduce memory usage. Loaded Objects now: 2528.
Total: 2.824900 ms (FindLiveObjects: 0.446900 ms CreateObjectMapping: 0.102600 ms MarkObjects: 2.137000 ms  DeleteObjects: 0.136300 ms)

========================================================================
Received Prepare
Registering precompiled user dll's ...
Registered in 0.001117 seconds.
Begin MonoManager ReloadAssembly
Native extension for WindowsStandalone target not found
Native extension for WebGL target not found
Refreshing native plugins compatible for Editor in 0.42 ms, found 1 plugins.
Preloading 0 native plugins for Editor in 0.00 ms.
Mono: successfully reloaded assembly
- Completed reload, in  1.295 seconds
Platform modules already initialized, skipping
Refreshing native plugins compatible for Editor in 0.45 ms, found 1 plugins.
Preloading 0 native plugins for Editor in 0.00 ms.
Unloading 1957 Unused Serialized files (Serialized files now loaded: 0)
System memory in use before: 93.5 MB.
System memory in use after: 93.5 MB.

Unloading 13 unused Assets to reduce memory usage. Loaded Objects now: 2532.
Total: 3.327100 ms (FindLiveObjects: 0.461600 ms CreateObjectMapping: 0.163000 ms MarkObjects: 2.567600 ms  DeleteObjects: 0.133900 ms)

========================================================================
Received Import Request.
  Time since last request: 13934.855303 seconds.
  path: Assets/Scripts/Destructable.cs
  artifactKey: Guid(04606652d6e3c1841a81f54ef943609b) Importer(815301076,1909f56bfc062723c751e8b465ee728b)
Start importing Assets/Scripts/Destructable.cs using Guid(04606652d6e3c1841a81f54ef943609b) Importer(815301076,1909f56bfc062723c751e8b465ee728b)  -> (artifact id: '84a6ce4dfd3e2e777338754c2b42f48f') in 0.015907 seconds
  Import took 0.021905 seconds .

========================================================================
Received Prepare
Registering precompiled user dll's ...
Registered in 0.001147 seconds.
Begin MonoManager ReloadAssembly
Native extension for WindowsStandalone target not found
Native extension for WebGL target not found
Refreshing native plugins compatible for Editor in 0.44 ms, found 1 plugins.
Preloading 0 native plugins for Editor in 0.00 ms.
Mono: successfully reloaded assembly
- Completed reload, in  0.976 seconds
Platform modules already initialized, skipping
Refreshing native plugins compatible for Editor in 0.42 ms, found 1 plugins.
Preloading 0 native plugins for Editor in 0.00 ms.
Unloading 1958 Unused Serialized files (Serialized files now loaded: 0)
System memory in use before: 93.5 MB.
System memory in use after: 93.5 MB.

Unloading 13 unused Assets to reduce memory usage. Loaded Objects now: 2537.
Total: 3.463400 ms (FindLiveObjects: 0.302700 ms CreateObjectMapping: 0.080600 ms MarkObjects: 2.948600 ms  DeleteObjects: 0.130200 ms)

========================================================================
Received Prepare
Registering precompiled user dll's ...
Registered in 0.001197 seconds.
Begin MonoManager ReloadAssembly
Native extension for WindowsStandalone target not found
Native extension for WebGL target not found
Refreshing native plugins compatible for Editor in 0.49 ms, found 1 plugins.
Preloading 0 native plugins for Editor in 0.00 ms.
Mono: successfully reloaded assembly
- Completed reload, in  1.093 seconds
Platform modules already initialized, skipping
Refreshing native plugins compatible for Editor in 0.68 ms, found 1 plugins.
Preloading 0 native plugins for Editor in 0.00 ms.
Unloading 1958 Unused Serialized files (Serialized files now loaded: 0)
System memory in use before: 93.5 MB.
System memory in use after: 93.5 MB.

Unloading 13 unused Assets to reduce memory usage. Loaded Objects now: 2541.
Total: 3.887100 ms (FindLiveObjects: 0.485300 ms CreateObjectMapping: 0.221700 ms MarkObjects: 2.981300 ms  DeleteObjects: 0.197000 ms)

========================================================================
Received Import Request.
  Time since last request: 305.882481 seconds.
  path: Assets/Scripts/Destructable.cs
  artifactKey: Guid(04606652d6e3c1841a81f54ef943609b) Importer(815301076,1909f56bfc062723c751e8b465ee728b)
Start importing Assets/Scripts/Destructable.cs using Guid(04606652d6e3c1841a81f54ef943609b) Importer(815301076,1909f56bfc062723c751e8b465ee728b)  -> (artifact id: '25ddd1f81d8416cde042db748056cf9b') in 0.006583 seconds
  Import took 0.011162 seconds .

========================================================================
Received Prepare
Registering precompiled user dll's ...
Registered in 0.001290 seconds.
Begin MonoManager ReloadAssembly
Native extension for WindowsStandalone target not found
Native extension for WebGL target not found
Refreshing native plugins compatible for Editor in 0.66 ms, found 1 plugins.
Preloading 0 native plugins for Editor in 0.00 ms.
Mono: successfully reloaded assembly
- Completed reload, in  1.205 seconds
Platform modules already initialized, skipping
Refreshing native plugins compatible for Editor in 0.43 ms, found 1 plugins.
Preloading 0 native plugins for Editor in 0.00 ms.
Unloading 1958 Unused Serialized files (Serialized files now loaded: 0)
System memory in use before: 93.5 MB.
System memory in use after: 93.5 MB.

Unloading 13 unused Assets to reduce memory usage. Loaded Objects now: 2545.
Total: 2.609000 ms (FindLiveObjects: 0.233100 ms CreateObjectMapping: 0.089900 ms MarkObjects: 2.127700 ms  DeleteObjects: 0.157100 ms)

========================================================================
Received Import Request.
  Time since last request: 400.510173 seconds.
  path: Assets/Scripts/Destructable.cs
  artifactKey: Guid(04606652d6e3c1841a81f54ef943609b) Importer(815301076,1909f56bfc062723c751e8b465ee728b)
Start importing Assets/Scripts/Destructable.cs using Guid(04606652d6e3c1841a81f54ef943609b) Importer(815301076,1909f56bfc062723c751e8b465ee728b)  -> (artifact id: '68d8f0d3232c673ed2d5ccd7639ec713') in 0.005414 seconds
  Import took 0.009092 seconds .

========================================================================
Received Prepare
Registering precompiled user dll's ...
Registered in 0.002820 seconds.
Begin MonoManager ReloadAssembly
Native extension for WindowsStandalone target not found
Native extension for WebGL target not found
Refreshing native plugins compatible for Editor in 0.52 ms, found 1 plugins.
Preloading 0 native plugins for Editor in 0.00 ms.
Mono: successfully reloaded assembly
- Completed reload, in  1.037 seconds
Platform modules already initialized, skipping
Refreshing native plugins compatible for Editor in 0.53 ms, found 1 plugins.
Preloading 0 native plugins for Editor in 0.00 ms.
Unloading 1958 Unused Serialized files (Serialized files now loaded: 0)
System memory in use before: 93.5 MB.
System memory in use after: 93.5 MB.

Unloading 13 unused Assets to reduce memory usage. Loaded Objects now: 2549.
Total: 2.874600 ms (FindLiveObjects: 0.299800 ms CreateObjectMapping: 0.075500 ms MarkObjects: 2.357700 ms  DeleteObjects: 0.140600 ms)

========================================================================
Received Prepare
Registering precompiled user dll's ...
Registered in 0.001122 seconds.
Begin MonoManager ReloadAssembly
Native extension for WindowsStandalone target not found
Native extension for WebGL target not found
Refreshing native plugins compatible for Editor in 0.51 ms, found 1 plugins.
Preloading 0 native plugins for Editor in 0.00 ms.
Mono: successfully reloaded assembly
- Completed reload, in  0.984 seconds
Platform modules already initialized, skipping
Refreshing native plugins compatible for Editor in 0.42 ms, found 1 plugins.
Preloading 0 native plugins for Editor in 0.00 ms.
Unloading 1958 Unused Serialized files (Serialized files now loaded: 0)
System memory in use before: 93.5 MB.
System memory in use after: 93.5 MB.

Unloading 13 unused Assets to reduce memory usage. Loaded Objects now: 2553.
Total: 3.313800 ms (FindLiveObjects: 0.420500 ms CreateObjectMapping: 0.140400 ms MarkObjects: 2.636200 ms  DeleteObjects: 0.115400 ms)

========================================================================
Received Prepare
Registering precompiled user dll's ...
Registered in 0.001157 seconds.
Begin MonoManager ReloadAssembly
Native extension for WindowsStandalone target not found
Native extension for WebGL target not found
Refreshing native plugins compatible for Editor in 0.43 ms, found 1 plugins.
Preloading 0 native plugins for Editor in 0.00 ms.
Mono: successfully reloaded assembly
- Completed reload, in  1.033 seconds
Platform modules already initialized, skipping
Refreshing native plugins compatible for Editor in 0.45 ms, found 1 plugins.
Preloading 0 native plugins for Editor in 0.00 ms.
Unloading 1958 Unused Serialized files (Serialized files now loaded: 0)
System memory in use before: 93.5 MB.
System memory in use after: 93.5 MB.

Unloading 13 unused Assets to reduce memory usage. Loaded Objects now: 2557.
Total: 3.136000 ms (FindLiveObjects: 0.298400 ms CreateObjectMapping: 0.144800 ms MarkObjects: 2.525300 ms  DeleteObjects: 0.166600 ms)

========================================================================
Received Prepare
Registering precompiled user dll's ...
Registered in 0.001424 seconds.
Begin MonoManager ReloadAssembly
Native extension for WindowsStandalone target not found
Native extension for WebGL target not found
Refreshing native plugins compatible for Editor in 0.42 ms, found 1 plugins.
Preloading 0 native plugins for Editor in 0.00 ms.
Mono: successfully reloaded assembly
- Completed reload, in  1.135 seconds
Platform modules already initialized, skipping
Refreshing native plugins compatible for Editor in 0.45 ms, found 1 plugins.
Preloading 0 native plugins for Editor in 0.00 ms.
Unloading 1958 Unused Serialized files (Serialized files now loaded: 0)
System memory in use before: 93.6 MB.
System memory in use after: 93.5 MB.

Unloading 13 unused Assets to reduce memory usage. Loaded Objects now: 2561.
Total: 2.694800 ms (FindLiveObjects: 0.231400 ms CreateObjectMapping: 0.095000 ms MarkObjects: 2.214300 ms  DeleteObjects: 0.152700 ms)

========================================================================
Received Prepare
Registering precompiled user dll's ...
Registered in 0.001076 seconds.
Begin MonoManager ReloadAssembly
Native extension for WindowsStandalone target not found
Native extension for WebGL target not found
Refreshing native plugins compatible for Editor in 0.53 ms, found 1 plugins.
Preloading 0 native plugins for Editor in 0.00 ms.
Mono: successfully reloaded assembly
- Completed reload, in  1.065 seconds
Platform modules already initialized, skipping
Refreshing native plugins compatible for Editor in 0.45 ms, found 1 plugins.
Preloading 0 native plugins for Editor in 0.00 ms.
Unloading 1958 Unused Serialized files (Serialized files now loaded: 0)
System memory in use before: 93.6 MB.
System memory in use after: 93.5 MB.

Unloading 13 unused Assets to reduce memory usage. Loaded Objects now: 2565.
Total: 2.570700 ms (FindLiveObjects: 0.281600 ms CreateObjectMapping: 0.108000 ms MarkObjects: 2.064000 ms  DeleteObjects: 0.116000 ms)

========================================================================
Received Prepare
Registering precompiled user dll's ...
Registered in 0.001226 seconds.
Begin MonoManager ReloadAssembly
Native extension for WindowsStandalone target not found
Native extension for WebGL target not found
Refreshing native plugins compatible for Editor in 0.55 ms, found 1 plugins.
Preloading 0 native plugins for Editor in 0.00 ms.
Mono: successfully reloaded assembly
- Completed reload, in  1.011 seconds
Platform modules already initialized, skipping
Refreshing native plugins compatible for Editor in 0.42 ms, found 1 plugins.
Preloading 0 native plugins for Editor in 0.00 ms.
Unloading 1958 Unused Serialized files (Serialized files now loaded: 0)
System memory in use before: 93.6 MB.
System memory in use after: 93.6 MB.

Unloading 13 unused Assets to reduce memory usage. Loaded Objects now: 2569.
Total: 2.828500 ms (FindLiveObjects: 0.267200 ms CreateObjectMapping: 0.096900 ms MarkObjects: 2.330300 ms  DeleteObjects: 0.126100 ms)

========================================================================
Received Prepare
Registering precompiled user dll's ...
Registered in 0.001553 seconds.
Begin MonoManager ReloadAssembly
Native extension for WindowsStandalone target not found
Native extension for WebGL target not found
Refreshing native plugins compatible for Editor in 0.42 ms, found 1 plugins.
Preloading 0 native plugins for Editor in 0.00 ms.
Mono: successfully reloaded assembly
- Completed reload, in  1.038 seconds
Platform modules already initialized, skipping
Refreshing native plugins compatible for Editor in 0.43 ms, found 1 plugins.
Preloading 0 native plugins for Editor in 0.00 ms.
Unloading 1958 Unused Serialized files (Serialized files now loaded: 0)
System memory in use before: 93.6 MB.
System memory in use after: 93.6 MB.

Unloading 13 unused Assets to reduce memory usage. Loaded Objects now: 2573.
Total: 3.126100 ms (FindLiveObjects: 0.301900 ms CreateObjectMapping: 0.121400 ms MarkObjects: 2.542100 ms  DeleteObjects: 0.159500 ms)

========================================================================
Received Prepare
Registering precompiled user dll's ...
Registered in 0.001206 seconds.
Begin MonoManager ReloadAssembly
Native extension for WindowsStandalone target not found
Native extension for WebGL target not found
Refreshing native plugins compatible for Editor in 0.51 ms, found 1 plugins.
Preloading 0 native plugins for Editor in 0.00 ms.
Mono: successfully reloaded assembly
- Completed reload, in  1.226 seconds
Platform modules already initialized, skipping
Refreshing native plugins compatible for Editor in 0.45 ms, found 1 plugins.
Preloading 0 native plugins for Editor in 0.00 ms.
Unloading 1958 Unused Serialized files (Serialized files now loaded: 0)
System memory in use before: 93.6 MB.
System memory in use after: 93.6 MB.

Unloading 13 unused Assets to reduce memory usage. Loaded Objects now: 2577.
Total: 2.807200 ms (FindLiveObjects: 0.263400 ms CreateObjectMapping: 0.122900 ms MarkObjects: 2.279300 ms  DeleteObjects: 0.138000 ms)

========================================================================
Received Prepare
Registering precompiled user dll's ...
Registered in 0.001203 seconds.
Begin MonoManager ReloadAssembly
Native extension for WindowsStandalone target not found
Native extension for WebGL target not found
Refreshing native plugins compatible for Editor in 0.78 ms, found 1 plugins.
Preloading 0 native plugins for Editor in 0.00 ms.
Mono: successfully reloaded assembly
- Completed reload, in  1.014 seconds
Platform modules already initialized, skipping
Refreshing native plugins compatible for Editor in 0.45 ms, found 1 plugins.
Preloading 0 native plugins for Editor in 0.00 ms.
Unloading 1958 Unused Serialized files (Serialized files now loaded: 0)
System memory in use before: 93.6 MB.
System memory in use after: 93.6 MB.

Unloading 13 unused Assets to reduce memory usage. Loaded Objects now: 2581.
Total: 3.128000 ms (FindLiveObjects: 0.443600 ms CreateObjectMapping: 0.095500 ms MarkObjects: 2.458700 ms  DeleteObjects: 0.128800 ms)

========================================================================
Received Prepare
Registering precompiled user dll's ...
Registered in 0.001687 seconds.
Begin MonoManager ReloadAssembly
Native extension for WindowsStandalone target not found
Native extension for WebGL target not found
Refreshing native plugins compatible for Editor in 0.45 ms, found 1 plugins.
Preloading 0 native plugins for Editor in 0.00 ms.
Mono: successfully reloaded assembly
- Completed reload, in  1.128 seconds
Platform modules already initialized, skipping
Refreshing native plugins compatible for Editor in 0.42 ms, found 1 plugins.
Preloading 0 native plugins for Editor in 0.00 ms.
Unloading 1958 Unused Serialized files (Serialized files now loaded: 0)
System memory in use before: 93.6 MB.
System memory in use after: 93.6 MB.

Unloading 13 unused Assets to reduce memory usage. Loaded Objects now: 2585.
Total: 2.380400 ms (FindLiveObjects: 0.255100 ms CreateObjectMapping: 0.081900 ms MarkObjects: 1.917400 ms  DeleteObjects: 0.125100 ms)

========================================================================
Received Import Request.
  Time since last request: 889.676731 seconds.
  path: Assets/Resources/Prefabs/Bomb.prefab
  artifactKey: Guid(bd11810dc66b9f840b1f024d512f726d) Importer(815301076,1909f56bfc062723c751e8b465ee728b)
Start importing Assets/Resources/Prefabs/Bomb.prefab using Guid(bd11810dc66b9f840b1f024d512f726d) Importer(815301076,1909f56bfc062723c751e8b465ee728b)  -> (artifact id: '92893320ae639bee6507f9f680d9093a') in 0.083948 seconds
  Import took 0.088815 seconds .

========================================================================
Received Prepare
Registering precompiled user dll's ...
Registered in 0.001270 seconds.
Begin MonoManager ReloadAssembly
Native extension for WindowsStandalone target not found
Native extension for WebGL target not found
Refreshing native plugins compatible for Editor in 0.48 ms, found 1 plugins.
Preloading 0 native plugins for Editor in 0.00 ms.
Mono: successfully reloaded assembly
- Completed reload, in  1.259 seconds
Platform modules already initialized, skipping
Refreshing native plugins compatible for Editor in 0.44 ms, found 1 plugins.
Preloading 0 native plugins for Editor in 0.00 ms.
Unloading 1958 Unused Serialized files (Serialized files now loaded: 0)
System memory in use before: 93.6 MB.
System memory in use after: 93.6 MB.

Unloading 13 unused Assets to reduce memory usage. Loaded Objects now: 2590.
Total: 3.097800 ms (FindLiveObjects: 0.354100 ms CreateObjectMapping: 0.113000 ms MarkObjects: 2.418300 ms  DeleteObjects: 0.211100 ms)

========================================================================
Received Import Request.
  Time since last request: 63.008154 seconds.
  path: Assets/Resources/Animations/Bomb Animation/BombAnimationController.controller
  artifactKey: Guid(e1ee61f10b3a30a41a4080e4179edf3d) Importer(815301076,1909f56bfc062723c751e8b465ee728b)
Start importing Assets/Resources/Animations/Bomb Animation/BombAnimationController.controller using Guid(e1ee61f10b3a30a41a4080e4179edf3d) Importer(815301076,1909f56bfc062723c751e8b465ee728b)  -> (artifact id: '29ad901a38b3d73e923592910b44349b') in 0.025247 seconds
  Import took 0.030866 seconds .

========================================================================
Received Import Request.
  Time since last request: 2.777836 seconds.
  path: Assets/Resources/Animations/Bomb Animation/BombTicking.anim
  artifactKey: Guid(69a7733a12cf0e2438255ec3636569ed) Importer(815301076,1909f56bfc062723c751e8b465ee728b)
Start importing Assets/Resources/Animations/Bomb Animation/BombTicking.anim using Guid(69a7733a12cf0e2438255ec3636569ed) Importer(815301076,1909f56bfc062723c751e8b465ee728b)  -> (artifact id: 'f70b606aef1efe73fcecc5a181258418') in 0.010719 seconds
  Import took 0.014466 seconds .

========================================================================
Received Import Request.
  Time since last request: 0.005502 seconds.
  path: Assets/Resources/Animations/Bomb Animation/BombTicking.anim
  artifactKey: Guid(69a7733a12cf0e2438255ec3636569ed) Importer(815301076,1909f56bfc062723c751e8b465ee728b)
Start importing Assets/Resources/Animations/Bomb Animation/BombTicking.anim using Guid(69a7733a12cf0e2438255ec3636569ed) Importer(815301076,1909f56bfc062723c751e8b465ee728b)  -> (artifact id: 'f70b606aef1efe73fcecc5a181258418') in 0.003503 seconds
  Import took 0.007374 seconds .

========================================================================
Received Prepare
Registering precompiled user dll's ...
Registered in 0.001306 seconds.
Begin MonoManager ReloadAssembly
Native extension for WindowsStandalone target not found
Native extension for WebGL target not found
Refreshing native plugins compatible for Editor in 0.49 ms, found 1 plugins.
Preloading 0 native plugins for Editor in 0.00 ms.
Mono: successfully reloaded assembly
- Completed reload, in  1.158 seconds
Platform modules already initialized, skipping
Refreshing native plugins compatible for Editor in 0.46 ms, found 1 plugins.
Preloading 0 native plugins for Editor in 0.00 ms.
Unloading 1958 Unused Serialized files (Serialized files now loaded: 0)
System memory in use before: 93.6 MB.
System memory in use after: 93.6 MB.

Unloading 13 unused Assets to reduce memory usage. Loaded Objects now: 2594.
Total: 3.064400 ms (FindLiveObjects: 0.443600 ms CreateObjectMapping: 0.110300 ms MarkObjects: 2.379000 ms  DeleteObjects: 0.130200 ms)

========================================================================
Received Import Request.
  Time since last request: 86.369805 seconds.
  path: Assets/Resources/Prefabs/Bomb.prefab
  artifactKey: Guid(bd11810dc66b9f840b1f024d512f726d) Importer(815301076,1909f56bfc062723c751e8b465ee728b)
Start importing Assets/Resources/Prefabs/Bomb.prefab using Guid(bd11810dc66b9f840b1f024d512f726d) Importer(815301076,1909f56bfc062723c751e8b465ee728b)  -> (artifact id: '299cfb34bcf08408832dd95c8f01af95') in 0.094720 seconds
  Import took 0.099709 seconds .

========================================================================
Received Import Request.
  Time since last request: 0.005180 seconds.
  path: Assets/Resources/Prefabs/Bomb.prefab
  artifactKey: Guid(bd11810dc66b9f840b1f024d512f726d) Importer(815301076,1909f56bfc062723c751e8b465ee728b)
Start importing Assets/Resources/Prefabs/Bomb.prefab using Guid(bd11810dc66b9f840b1f024d512f726d) Importer(815301076,1909f56bfc062723c751e8b465ee728b)  -> (artifact id: '299cfb34bcf08408832dd95c8f01af95') in 0.012937 seconds
  Import took 0.017495 seconds .

========================================================================
Received Prepare
Registering precompiled user dll's ...
Registered in 0.001229 seconds.
Begin MonoManager ReloadAssembly
Native extension for WindowsStandalone target not found
Native extension for WebGL target not found
Refreshing native plugins compatible for Editor in 0.49 ms, found 1 plugins.
Preloading 0 native plugins for Editor in 0.00 ms.
Mono: successfully reloaded assembly
- Completed reload, in  1.113 seconds
Platform modules already initialized, skipping
Refreshing native plugins compatible for Editor in 0.48 ms, found 1 plugins.
Preloading 0 native plugins for Editor in 0.00 ms.
Unloading 1958 Unused Serialized files (Serialized files now loaded: 0)
System memory in use before: 93.6 MB.
System memory in use after: 93.6 MB.

Unloading 13 unused Assets to reduce memory usage. Loaded Objects now: 2599.
Total: 2.946200 ms (FindLiveObjects: 0.447400 ms CreateObjectMapping: 0.133300 ms MarkObjects: 2.235600 ms  DeleteObjects: 0.128700 ms)

========================================================================
Received Prepare
Registering precompiled user dll's ...
Registered in 0.004192 seconds.
Begin MonoManager ReloadAssembly
Native extension for WindowsStandalone target not found
Native extension for WebGL target not found
Refreshing native plugins compatible for Editor in 0.68 ms, found 1 plugins.
Preloading 0 native plugins for Editor in 0.00 ms.
Mono: successfully reloaded assembly
- Completed reload, in  1.048 seconds
Platform modules already initialized, skipping
Refreshing native plugins compatible for Editor in 0.43 ms, found 1 plugins.
Preloading 0 native plugins for Editor in 0.00 ms.
Unloading 1958 Unused Serialized files (Serialized files now loaded: 0)
System memory in use before: 93.7 MB.
System memory in use after: 93.6 MB.

Unloading 13 unused Assets to reduce memory usage. Loaded Objects now: 2603.
Total: 2.899500 ms (FindLiveObjects: 0.513200 ms CreateObjectMapping: 0.159400 ms MarkObjects: 2.096000 ms  DeleteObjects: 0.130100 ms)

AssetImportWorkerClient::OnTransportError - code=2 error=End of file
